<?xml version="1.0" encoding="UTF-8"?>
<robot generator="Robot 7.2.2 (Python 3.13.2 on win32)" generated="2025-03-11T10:01:34.861355" rpa="false" schemaversion="5">
<suite id="s1" name="Cancelar Cadastro" source="c:\Users\emilycellarius\desafiorobot\Test\cancelar_cadastro.robot">
<test id="s1-t1" name="Caso de teste 02 - Cancelar um cadastro de perfil" line="9">
<kw name="Abrir navegador" owner="keywords" type="SETUP">
<kw name="Open Browser" owner="SeleniumLibrary">
<msg time="2025-03-11T10:01:36.446557" level="INFO">Opening browser 'chrome' to base url 'None'.</msg>
<arg>browser=chrome</arg>
<doc>Opens a new browser instance to the optional ``url``.</doc>
<status status="PASS" start="2025-03-11T10:01:36.443161" elapsed="2.353539"/>
</kw>
<kw name="Maximize Browser Window" owner="SeleniumLibrary">
<doc>Maximizes current browser window.</doc>
<status status="PASS" start="2025-03-11T10:01:38.799577" elapsed="0.074882"/>
</kw>
<status status="PASS" start="2025-03-11T10:01:36.433417" elapsed="2.443576"/>
</kw>
<kw name="Dado que estou na tela Cadastrar Perfil" owner="keywords">
<kw name="Go To" owner="SeleniumLibrary">
<msg time="2025-03-11T10:01:38.892698" level="INFO">Opening url 'https://desafio-equipe.vercel.app/'</msg>
<arg>url=${URL}</arg>
<doc>Navigates the current browser window to the provided ``url``.</doc>
<status status="PASS" start="2025-03-11T10:01:38.890740" elapsed="1.241408"/>
</kw>
<kw name="Wait Until Page Contains" owner="SeleniumLibrary">
<arg>text=Cadastrar Perfil de Usuário Inteligente</arg>
<doc>Waits until ``text`` appears on the current page.</doc>
<status status="PASS" start="2025-03-11T10:01:40.136235" elapsed="0.075646"/>
</kw>
<status status="PASS" start="2025-03-11T10:01:38.884830" elapsed="1.327994"/>
</kw>
<kw name="Quando preencho o campo &quot;Nome Completo&quot; com @Nome_Completo" owner="keywords">
<kw name="Input Text" owner="SeleniumLibrary">
<msg time="2025-03-11T10:01:40.224045" level="INFO">Typing text 'Emily Fernanda Domingues Cellarius' into text field 'id=nome'.</msg>
<arg>${Campo_Nome}</arg>
<arg>text=${Nome}</arg>
<doc>Types the given ``text`` into the text field identified by ``locator``.</doc>
<status status="PASS" start="2025-03-11T10:01:40.218126" elapsed="0.431137"/>
</kw>
<status status="PASS" start="2025-03-11T10:01:40.214829" elapsed="0.436976"/>
</kw>
<kw name="E preencho o campo &quot;Data Nascimento&quot; com @Data_Nascimento" owner="keywords">
<kw name="Input Text" owner="SeleniumLibrary">
<msg time="2025-03-11T10:01:40.668608" level="INFO">Typing text '02/02/2000' into text field 'id=dataNascimento'.</msg>
<arg>${Campo_Data_Nascimento}</arg>
<arg>text=${Data_Nascimento}</arg>
<doc>Types the given ``text`` into the text field identified by ``locator``.</doc>
<status status="PASS" start="2025-03-11T10:01:40.663214" elapsed="0.183072"/>
</kw>
<status status="PASS" start="2025-03-11T10:01:40.657668" elapsed="0.189487"/>
</kw>
<kw name="E forneço uma @Impressao_Digital válida no campo “Impressão Digital”" owner="keywords">
<kw name="Click Element" owner="SeleniumLibrary">
<msg time="2025-03-11T10:01:40.857328" level="INFO">Clicking element 'id=impressao-digital'.</msg>
<arg>${Campo_Impressao_Digital}</arg>
<doc>Click the element identified by ``locator``.</doc>
<status status="PASS" start="2025-03-11T10:01:40.855087" elapsed="0.196809"/>
</kw>
<kw name="Wait Until Element Is Visible" owner="SeleniumLibrary">
<arg>${Impressao_Digital_Realizada}</arg>
<doc>Waits until the element ``locator`` is visible.</doc>
<status status="PASS" start="2025-03-11T10:01:41.055869" elapsed="0.062066"/>
</kw>
<status status="PASS" start="2025-03-11T10:01:40.850203" elapsed="0.269305"/>
</kw>
<kw name="E realizo o upload de uma imagem com a opção @Escolher_Arquivo no campo &quot;Escolher Arquivo&quot;" owner="keywords">
<kw name="Choose File" owner="SeleniumLibrary">
<msg time="2025-03-11T10:01:41.126399" level="INFO">Sending C:\Users\emilycellarius\desafiorobot\imagens\foto.jpg to browser.</msg>
<arg>${Escolher_Arquivo}</arg>
<arg>${Foto_De_Perfil}</arg>
<doc>Inputs the ``file_path`` into the file input field ``locator``.</doc>
<status status="PASS" start="2025-03-11T10:01:41.123981" elapsed="0.066554"/>
</kw>
<status status="PASS" start="2025-03-11T10:01:41.121887" elapsed="0.069506"/>
</kw>
<kw name="E seleciono a opção @Francês no dropdown de sugestões do campo &quot;Preferência de Idioma&quot;" owner="keywords">
<kw name="Select From List By Value" owner="SeleniumLibrary">
<msg time="2025-03-11T10:01:41.196940" level="INFO">Selecting options from selection list 'id=idioma' by value fr.</msg>
<arg>${Campo_Preferencia_Idioma}</arg>
<arg>${Idioma_Valor}</arg>
<doc>Selects options from selection list ``locator`` by ``values``.</doc>
<status status="PASS" start="2025-03-11T10:01:41.195238" elapsed="0.167550"/>
</kw>
<status status="PASS" start="2025-03-11T10:01:41.193227" elapsed="0.170358"/>
</kw>
<kw name="E seleciono a opção @Alto no dropdown de sugestões do campo &quot;Nível de Privacidade&quot;" owner="keywords">
<kw name="Select From List By Value" owner="SeleniumLibrary">
<msg time="2025-03-11T10:01:41.371635" level="INFO">Selecting options from selection list 'id=privacidade' by value alto.</msg>
<arg>${Campo_Nivel_Privacidade}</arg>
<arg>${Nivel_Privacidade_Valor}</arg>
<doc>Selects options from selection list ``locator`` by ``values``.</doc>
<status status="PASS" start="2025-03-11T10:01:41.369698" elapsed="0.165111"/>
</kw>
<status status="PASS" start="2025-03-11T10:01:41.366523" elapsed="0.169519"/>
</kw>
<kw name="E seleciono a checkbox no campo “Aceito a coleta de dados para análise personalizada” por fim" owner="keywords">
<kw name="Select Checkbox" owner="SeleniumLibrary">
<msg time="2025-03-11T10:01:41.542919" level="INFO">Selecting checkbox 'id=consentimento'.</msg>
<arg>${Checkbox_Consentimento_Coleta_De_Dados}</arg>
<doc>Selects the checkbox identified by ``locator``.</doc>
<status status="PASS" start="2025-03-11T10:01:41.540492" elapsed="0.229351"/>
</kw>
<status status="PASS" start="2025-03-11T10:01:41.538634" elapsed="0.233643"/>
</kw>
<kw name="E clico em &quot;Cancelar&quot;" owner="keywords">
<kw name="Click Element" owner="SeleniumLibrary">
<msg time="2025-03-11T10:01:41.782836" level="INFO">Clicking element 'xpath=//button[contains(@class, 'btn-cancel')]'.</msg>
<arg>${Botão_cancelar}</arg>
<doc>Click the element identified by ``locator``.</doc>
<status status="PASS" start="2025-03-11T10:01:41.779320" elapsed="0.388468"/>
</kw>
<status status="PASS" start="2025-03-11T10:01:41.776440" elapsed="0.392724"/>
</kw>
<kw name="Então o cadastro é cancelado" owner="keywords">
<kw name="Capture Page Screenshot" owner="SeleniumLibrary">
<msg time="2025-03-11T10:01:42.374243" level="INFO" html="true">&lt;/td&gt;&lt;/tr&gt;&lt;tr&gt;&lt;td colspan="3"&gt;&lt;a href="selenium-screenshot-11.png"&gt;&lt;img src="selenium-screenshot-11.png" width="800px"&gt;&lt;/a&gt;</msg>
<doc>Takes a screenshot of the current page and embeds it into a log file.</doc>
<status status="PASS" start="2025-03-11T10:01:42.182061" elapsed="0.193233"/>
</kw>
<status status="PASS" start="2025-03-11T10:01:42.173394" elapsed="0.203166"/>
</kw>
<kw name="Então o navegador é fechado" owner="keywords" type="TEARDOWN">
<kw name="Close Browser" owner="SeleniumLibrary">
<doc>Closes the current browser.</doc>
<status status="PASS" start="2025-03-11T10:01:42.386241" elapsed="2.617421"/>
</kw>
<status status="PASS" start="2025-03-11T10:01:42.381893" elapsed="2.622913"/>
</kw>
<doc>Esse teste preenche os campos para cadastrar perfil e cancela o processo</doc>
<tag>Cancelar_cadastro</tag>
<status status="PASS" start="2025-03-11T10:01:36.422332" elapsed="8.584656"/>
</test>
<doc>Essa suíte testa o site Cadastrar Perfil de Usuário Inteligente</doc>
<status status="PASS" start="2025-03-11T10:01:34.880455" elapsed="10.136810"/>
</suite>
<statistics>
<total>
<stat pass="1" fail="0" skip="0">All Tests</stat>
</total>
<tag>
<stat pass="1" fail="0" skip="0">Cancelar_cadastro</stat>
</tag>
<suite>
<stat name="Cancelar Cadastro" id="s1" pass="1" fail="0" skip="0">Cancelar Cadastro</stat>
</suite>
</statistics>
<errors>
</errors>
</robot>
